\BOOKMARK [0][-]{chapter.1}{Introduction}{}% 1
\BOOKMARK [1][-]{section.1.1}{Motivation}{chapter.1}% 2
\BOOKMARK [1][-]{section.1.2}{Goal}{chapter.1}% 3
\BOOKMARK [1][-]{section.1.3}{Organization}{chapter.1}% 4
\BOOKMARK [0][-]{chapter.2}{Work on the Thesis}{}% 5
\BOOKMARK [1][-]{section.2.1}{Thesis registration form}{chapter.2}% 6
\BOOKMARK [1][-]{section.2.2}{Specification of a thesis subject}{chapter.2}% 7
\BOOKMARK [2][-]{subsection.2.2.1}{Given topic}{section.2.2}% 8
\BOOKMARK [2][-]{subsection.2.2.2}{Joint specification of a topic}{section.2.2}% 9
\BOOKMARK [1][-]{section.2.3}{Registration form back to secretariat \(via first advisor\)}{chapter.2}% 10
\BOOKMARK [1][-]{section.2.4}{Thesis duration}{chapter.2}% 11
\BOOKMARK [1][-]{section.2.5}{Advice}{chapter.2}% 12
\BOOKMARK [2][-]{subsection.2.5.1}{Advice for an internal thesis}{section.2.5}% 13
\BOOKMARK [2][-]{subsection.2.5.2}{Advice for an external thesis}{section.2.5}% 14
\BOOKMARK [2][-]{subsection.2.5.3}{Intermediate versions of the thesis}{section.2.5}% 15
\BOOKMARK [1][-]{section.2.6}{Second advisor}{chapter.2}% 16
\BOOKMARK [1][-]{section.2.7}{Deadline and submission}{chapter.2}% 17
\BOOKMARK [1][-]{section.2.8}{Finding an oral examination date}{chapter.2}% 18
\BOOKMARK [1][-]{section.2.9}{Colloquium}{chapter.2}% 19
\BOOKMARK [0][-]{chapter.3}{Structure}{}% 20
\BOOKMARK [1][-]{section.3.1}{Cover page}{chapter.3}% 21
\BOOKMARK [1][-]{section.3.2}{Task description}{chapter.3}% 22
\BOOKMARK [1][-]{section.3.3}{Declaration}{chapter.3}% 23
\BOOKMARK [1][-]{section.3.4}{Abstract}{chapter.3}% 24
\BOOKMARK [1][-]{section.3.5}{Table of contents}{chapter.3}% 25
\BOOKMARK [1][-]{section.3.6}{Chapter 1: Introduction}{chapter.3}% 26
\BOOKMARK [1][-]{section.3.7}{Chapter 2 to N-1: Main body}{chapter.3}% 27
\BOOKMARK [2][-]{subsection.3.7.1}{Example organization}{section.3.7}% 28
\BOOKMARK [2][-]{subsection.3.7.2}{A common pitfall}{section.3.7}% 29
\BOOKMARK [1][-]{section.3.8}{Chapter n: Conclusion and outlook}{chapter.3}% 30
\BOOKMARK [1][-]{section.3.9}{Acknowledgements}{chapter.3}% 31
\BOOKMARK [1][-]{section.3.10}{Appendices}{chapter.3}% 32
\BOOKMARK [1][-]{section.3.11}{Bibliography or references}{chapter.3}% 33
\BOOKMARK [1][-]{section.3.12}{Enclosed CD}{chapter.3}% 34
\BOOKMARK [0][-]{chapter.4}{Advise on writing the thesis}{}% 35
\BOOKMARK [1][-]{section.4.1}{Number of pages}{chapter.4}% 36
\BOOKMARK [1][-]{section.4.2}{Writing style}{chapter.4}% 37
\BOOKMARK [1][-]{section.4.3}{Active verbs}{chapter.4}% 38
\BOOKMARK [1][-]{section.4.4}{Transitional words and phrases}{chapter.4}% 39
\BOOKMARK [1][-]{section.4.5}{Tenses}{chapter.4}% 40
\BOOKMARK [1][-]{section.4.6}{Formatting requirements}{chapter.4}% 41
\BOOKMARK [1][-]{section.4.7}{Emphasis}{chapter.4}% 42
\BOOKMARK [1][-]{section.4.8}{Citations}{chapter.4}% 43
\BOOKMARK [1][-]{section.4.9}{Figures and tables}{chapter.4}% 44
\BOOKMARK [1][-]{section.4.10}{Program code}{chapter.4}% 45
\BOOKMARK [1][-]{section.4.11}{Acronyms and terms}{chapter.4}% 46
\BOOKMARK [1][-]{section.4.12}{Spelling and grammar}{chapter.4}% 47
\BOOKMARK [0][-]{chapter.5}{Conclusions and outlook}{}% 48
\BOOKMARK [0][-]{chapter.6}{Acknowledgements}{}% 49
\BOOKMARK [0][-]{chapter*.6}{Appendix A: Frequently asked questions}{}% 50
\BOOKMARK [0][-]{chapter*.7}{List of Figures}{}% 51
\BOOKMARK [0][-]{chapter*.8}{List of Tables}{}% 52
\BOOKMARK [0][-]{chapter*.9}{Bibliography}{}% 53
